<?xml version="1.0" encoding="UTF-8"?>
<!-- Generated by org.testng.reporters.JUnitReportReporter -->
<testsuite skipped="0" hostname="davids-air" name="com.odt.testcases.UI_Validation_Testcases" tests="2" failures="0" timestamp="23 Oct 2018 03:15:45 GMT" time="110.396" errors="0">
  <testcase name="facebook_Login_TC002" time="56.181" classname="com.odt.testcases.UI_Validation_Testcases"/>
  <testcase name="facebook_Login_TC001" time="54.215" classname="com.odt.testcases.UI_Validation_Testcases"/>
</testsuite> <!-- com.odt.testcases.UI_Validation_Testcases -->
